c:\users\анна\source\repos\geo\debug\vc140.pdb
c:\users\анна\source\repos\geo\debug\main.obj
c:\users\анна\source\repos\geo\debug\viewform.obj
c:\users\анна\source\repos\geo\debug\usertype.obj
c:\users\анна\source\repos\geo\debug\user.obj
c:\users\анна\source\repos\geo\debug\status.obj
c:\users\анна\source\repos\geo\debug\state.obj
c:\users\анна\source\repos\geo\debug\site.obj
c:\users\анна\source\repos\geo\debug\session.obj
c:\users\анна\source\repos\geo\debug\searchform.obj
c:\users\анна\source\repos\geo\debug\scale.obj
c:\users\анна\source\repos\geo\debug\sm_session.obj
c:\users\анна\source\repos\geo\debug\parsergislub.obj
c:\users\анна\source\repos\geo\debug\parsergeofabrik.obj
c:\users\анна\source\repos\geo\debug\parser.obj
c:\users\анна\source\repos\geo\debug\newdockwidget.obj
c:\users\анна\source\repos\geo\debug\mainwindow.obj
c:\users\анна\source\repos\geo\debug\logindialog.obj
c:\users\анна\source\repos\geo\debug\geodata_record.obj
c:\users\анна\source\repos\geo\debug\format.obj
c:\users\анна\source\repos\geo\debug\database.obj
c:\users\анна\source\repos\geo\debug\moc_viewform.obj
c:\users\анна\source\repos\geo\debug\moc_usertype.obj
c:\users\анна\source\repos\geo\debug\moc_user.obj
c:\users\анна\source\repos\geo\debug\moc_status.obj
c:\users\анна\source\repos\geo\debug\moc_state.obj
c:\users\анна\source\repos\geo\debug\moc_session.obj
c:\users\анна\source\repos\geo\debug\moc_searchform.obj
c:\users\анна\source\repos\geo\debug\moc_scale.obj
c:\users\анна\source\repos\geo\debug\moc_sm_session.obj
c:\users\анна\source\repos\geo\debug\moc_parsergislub.obj
c:\users\анна\source\repos\geo\debug\moc_parsergeofabrik.obj
c:\users\анна\source\repos\geo\debug\moc_parser.obj
c:\users\анна\source\repos\geo\debug\moc_newdockwidget.obj
c:\users\анна\source\repos\geo\debug\moc_mainwindow.obj
c:\users\анна\source\repos\geo\debug\moc_logindialog.obj
c:\users\анна\source\repos\geo\debug\moc_format.obj
c:\users\анна\source\repos\geo\debug\moc_format.cpp
c:\users\анна\source\repos\geo\debug\moc_logindialog.cpp
c:\users\анна\source\repos\geo\debug\moc_mainwindow.cpp
c:\users\анна\source\repos\geo\debug\moc_newdockwidget.cpp
c:\users\анна\source\repos\geo\debug\moc_parser.cpp
c:\users\анна\source\repos\geo\debug\moc_parsergeofabrik.cpp
c:\users\анна\source\repos\geo\debug\moc_parsergislub.cpp
c:\users\анна\source\repos\geo\debug\moc_sm_session.cpp
c:\users\анна\source\repos\geo\debug\moc_scale.cpp
c:\users\анна\source\repos\geo\debug\moc_searchform.cpp
c:\users\анна\source\repos\geo\debug\moc_session.cpp
c:\users\анна\source\repos\geo\debug\moc_state.cpp
c:\users\анна\source\repos\geo\debug\moc_user.cpp
c:\users\анна\source\repos\geo\debug\moc_usertype.cpp
c:\users\анна\source\repos\geo\debug\moc_viewform.cpp
c:\users\анна\source\repos\geo\ui_logindialog.h
c:\users\анна\source\repos\geo\ui_mainwindow.h
c:\users\анна\source\repos\geo\ui_newdockwidget.h
c:\users\анна\source\repos\geo\ui_searchform.h
c:\users\анна\source\repos\geo\ui_viewform.h
c:\users\анна\source\repos\geo\debug\moc_status.cpp
c:\users\анна\source\repos\geo\debug\geo.ilk
c:\users\анна\source\repos\geo\debug\geo.exe
c:\users\анна\source\repos\geo\debug\geo.pdb
c:\users\анна\source\repos\geo\debug\geo.tlog\cl.command.1.tlog
c:\users\анна\source\repos\geo\debug\geo.tlog\cl.read.1.tlog
c:\users\анна\source\repos\geo\debug\geo.tlog\cl.write.1.tlog
c:\users\анна\source\repos\geo\debug\geo.tlog\custombuild.command.1.tlog
c:\users\анна\source\repos\geo\debug\geo.tlog\custombuild.read.1.tlog
c:\users\анна\source\repos\geo\debug\geo.tlog\custombuild.write.1.tlog
c:\users\анна\source\repos\geo\debug\geo.tlog\link.command.1.tlog
c:\users\анна\source\repos\geo\debug\geo.tlog\link.read.1.tlog
c:\users\анна\source\repos\geo\debug\geo.tlog\link.write.1.tlog
