  MOC search_module/Parser.h
  MOC core/Status.h
  UIC view/LoginDialog.ui
  UIC view/MainWindow.ui
  UIC view/NewDockWidget.ui
  UIC view/SearchForm.ui
view\SearchForm.ui : warning : The name 'layoutWidget' (QWidget) is already in use, defaulting to 'layoutWidget1'.
  UIC view/ViewForm.ui
  main.cpp
core\main.cpp(17): warning C4189: 'w': local variable is initialized but not referenced
  moc_LoginDialog.cpp
  moc_MainWindow.cpp
  moc_NewDockWidget.cpp
  moc_Parser.cpp
  moc_ParserGeofabrik.cpp
  moc_ParserGisLub.cpp
  moc_SearchForm.cpp
  moc_Status.cpp
  moc_ViewForm.cpp
  Parser.cpp
  ParserGeofabrik.cpp
search_module\ParserGeofabrik.cpp(10): warning C4100: 'site_id': unreferenced formal parameter
search_module\ParserGeofabrik.cpp(10): warning C4100: 'session_id': unreferenced formal parameter
  ParserGisLub.cpp
  SM_Session.cpp
  LoginDialog.cpp
view\LoginDialog.cpp(16): warning C4100: 'ptr': unreferenced formal parameter
  MainWindow.cpp
view\MainWindow.cpp(16): warning C4100: 'parent': unreferenced formal parameter
  NewDockWidget.cpp
view\NewDockWidget.cpp(9): warning C4100: 'ptr': unreferenced formal parameter
view\NewDockWidget.cpp(17): warning C4100: 'ptr': unreferenced formal parameter
  SearchForm.cpp
view\SearchForm.cpp(14): warning C4100: 'parent': unreferenced formal parameter
  ViewForm.cpp
view\ViewForm.cpp(23): warning C4100: 'parent': unreferenced formal parameter
  Generating Code...
c:\users\анна\source\repos\geo\search_module\parsergeofabrik.cpp(21): warning C4715: 'ParserGeofabrik::parse': not all control paths return a value
  LINK : debug\\geo.exe not found or not built by the last incremental link; performing full link
  geo.vcxproj -> C:\Users\Анна\Source\Repos\geo\debug\geo.exe
